-------------------------------------------------------------------------------
Test set: com.automationteststore.tests.AddFourProductsAndCompleteGuestCheckout
-------------------------------------------------------------------------------
Tests run: 1, Failures: 0, Errors: 1, Skipped: 0, Time elapsed: 14.02 s <<< FAILURE! -- in com.automationteststore.tests.AddFourProductsAndCompleteGuestCheckout
com.automationteststore.tests.AddFourProductsAndCompleteGuestCheckout.addFourProductsToCartAndSuccessCheckout -- Time elapsed: 13.98 s <<< ERROR!
org.openqa.selenium.NoSuchElementException: 
Cannot locate option with text: Korea (Democratic People's Republic of)
For documentation on this error, please visit: https://www.selenium.dev/documentation/webdriver/troubleshooting/errors#no-such-element-exception
Build info: version: '4.20.0', revision: '866c76ca80'
System info: os.name: 'Windows 10', os.arch: 'amd64', os.version: '10.0', java.version: '24.0.1'
Driver info: driver.version: unknown
	at org.openqa.selenium.support.ui.Select.selectByVisibleText(Select.java:153)
	at com.automationteststore.pageobjects.GuestCheckoutPage.fillBillingForm(GuestCheckoutPage.java:31)
	at com.automationteststore.tests.AddFourProductsAndCompleteGuestCheckout.addFourProductsToCartAndSuccessCheckout(AddFourProductsAndCompleteGuestCheckout.java:51)
	at java.base/java.lang.reflect.Method.invoke(Method.java:565)
	at java.base/java.util.ArrayList.forEach(ArrayList.java:1604)
	at java.base/java.util.ArrayList.forEach(ArrayList.java:1604)

